<?xml version="1.0" encoding="UTF-8" ?>
<testsuite tests="3" failures="1" name="cucumber.Options.TestRunner" time="8.847" errors="0" skipped="0">
  <properties>
[...]
</properties>
  <testcase classname="Add user details" name="Verify if user is able to add user details using POST method" time="6.837"/>
  <testcase classname="Get pets details" name="Verify if user is able to get pets details using GET method" time="1.449">
    <failure message="expected:&lt;404&gt; but was:&lt;200&gt;" type="java.lang.AssertionError">java.lang.AssertionError: expected:&lt;404&gt; but was:&lt;200&gt;
	at org.junit.Assert.fail(Assert.java:88)
	at org.junit.Assert.failNotEquals(Assert.java:743)
	at org.junit.Assert.assertEquals(Assert.java:118)
	at org.junit.Assert.assertEquals(Assert.java:555)
	at org.junit.Assert.assertEquals(Assert.java:542)
	at stepDefinations.StepDefination.the_API_call_got_success_with_status_code(StepDefination.java:64)
	at ✽.the API call got success with status code 200(file:src/test/resources/features/petDetails.feature:6)
</failure>
    <system-out>2020-05-13 22:06:33 INFO  Hooks:24 - ================================================================================================
2020-05-13 22:06:33 INFO  Hooks:25 - ============================== Scenario Name: Verify if user is able to get pets details using GET method =============================
2020-05-13 22:06:33 INFO  Hooks:26 - ================================================================================================
2020-05-13 22:06:34 ERROR Hooks:33 - ++++++++++++++++++++++++++++++++++++++++++++++++++++++++++++++++++++++++++++++++++++++++++++++++
2020-05-13 22:06:34 ERROR Hooks:34 - ++++++++++++++++++++++++++ Failed: Scenario Name- Verify if user is able to get pets details using GET method++++++++++++++++++++++++++
2020-05-13 22:06:34 ERROR Hooks:35 - ++++++++++++++++++++++++++++++++++++++++++++++++++++++++++++++++++++++++++++++++++++++++++++++++
</system-out>
  </testcase>
  <testcase classname="Get pets details" name="Verify if user is able to get pets details using GET method" time="0.561"/>
</testsuite>