<?xml version="1.0" encoding="UTF-8" ?>
<testsuite tests="2" failures="1" name="TestRunner" time="7.033" errors="0" skipped="0">
  <properties>
[...]
</properties>
  <testcase classname="Get pets details" name="Verify if user is able to get pets details using GET method" time="6.548"/>
  <testcase classname="Get pets details" name="Verify if user is able to get pets details using GET method" time="0.485">
    <failure message="expected:&lt;HTTP/1.1 200 O[K]&gt; but was:&lt;HTTP/1.1 200 O[]&gt;" type="org.junit.ComparisonFailure">org.junit.ComparisonFailure: expected:&lt;HTTP/1.1 200 O[K]&gt; but was:&lt;HTTP/1.1 200 O[]&gt;
	at org.junit.Assert.assertEquals(Assert.java:115)
	at org.junit.Assert.assertEquals(Assert.java:144)
	at stepDefinations.StepDefination.in_response_body_is(StepDefination.java:50)
	at ✽.verify status in response body is &quot;HTTP/1.1 200 O&quot;(file:src/test/resources/features/petDetails.feature:16)
</failure>
    <system-out>/petstore/pets
</system-out>
  </testcase>
</testsuite>